[2015-12-11 13:02:09] /mobile/index.php?act=member_order&op=order_list&page=10&curpage=1 ( act=member_order&op=order_list ) 
ERR: Db Error: Unknown column 'order_type' in 'where clause'
SELECT COUNT(*) AS nc_count FROM `33hao_order` WHERE ( buyer_id = '2' ) AND ( order_type IN ('1','3') ) AND ( order_state = '10' ) AND ( chain_code = '0' ) AND ( delete_state = '0' ) LIMIT 1  
[2015-12-11 13:02:09] /mobile/index.php?act=member_order&op=order_list&page=10&curpage=1 ( act=member_order&op=order_list ) 
ERR: Db Error: Unknown column 'order_type' in 'where clause'
SELECT * FROM `33hao_order` WHERE ( buyer_id = '2' ) AND ( order_type IN ('1','3') ) AND ( order_state = '10' ) AND ( chain_code = '0' ) AND ( delete_state = '0' ) ORDER BY order_id desc LIMIT 0,10  
[2015-12-11 13:02:55] /mobile/index.php?act=member_order&op=order_list&page=10&curpage=1 ( act=member_order&op=order_list ) 
ERR: Db Error: Unknown column 'order_type' in 'where clause'
SELECT COUNT(*) AS nc_count FROM `33hao_order` WHERE ( buyer_id = '2' ) AND ( order_type IN ('1','3') ) AND ( order_state = '30' ) AND ( delete_state = '0' ) LIMIT 1  
[2015-12-11 13:02:55] /mobile/index.php?act=member_order&op=order_list&page=10&curpage=1 ( act=member_order&op=order_list ) 
ERR: Db Error: Unknown column 'order_type' in 'where clause'
SELECT * FROM `33hao_order` WHERE ( buyer_id = '2' ) AND ( order_type IN ('1','3') ) AND ( order_state = '30' ) AND ( delete_state = '0' ) ORDER BY order_id desc LIMIT 0,10  
[2015-12-11 13:03:01] /mobile/index.php?act=member_order&op=order_list&page=10&curpage=1 ( act=member_order&op=order_list ) 
ERR: Db Error: Unknown column 'order_type' in 'where clause'
SELECT COUNT(*) AS nc_count FROM `33hao_order` WHERE ( buyer_id = '2' ) AND ( order_type IN ('1','3') ) AND ( order_state IN ('10','20') ) AND ( chain_code > '0' ) AND ( delete_state = '0' ) LIMIT 1  
[2015-12-11 13:03:01] /mobile/index.php?act=member_order&op=order_list&page=10&curpage=1 ( act=member_order&op=order_list ) 
ERR: Db Error: Unknown column 'order_type' in 'where clause'
SELECT * FROM `33hao_order` WHERE ( buyer_id = '2' ) AND ( order_type IN ('1','3') ) AND ( order_state IN ('10','20') ) AND ( chain_code > '0' ) AND ( delete_state = '0' ) ORDER BY order_id desc LIMIT 0,10  
[2015-12-11 13:03:02] /mobile/index.php?act=member_order&op=order_list&page=10&curpage=1 ( act=member_order&op=order_list ) 
ERR: Db Error: Unknown column 'order_type' in 'where clause'
SELECT COUNT(*) AS nc_count FROM `33hao_order` WHERE ( buyer_id = '2' ) AND ( order_type IN ('1','3') ) AND ( order_state = '40' ) AND ( evaluation_state = '0' ) AND ( delete_state = '0' ) LIMIT 1  
[2015-12-11 13:03:02] /mobile/index.php?act=member_order&op=order_list&page=10&curpage=1 ( act=member_order&op=order_list ) 
ERR: Db Error: Unknown column 'order_type' in 'where clause'
SELECT * FROM `33hao_order` WHERE ( buyer_id = '2' ) AND ( order_type IN ('1','3') ) AND ( order_state = '40' ) AND ( evaluation_state = '0' ) AND ( delete_state = '0' ) ORDER BY order_id desc LIMIT 0,10  
[2015-12-11 13:03:03] /mobile/index.php?act=member_order&op=order_list&page=10&curpage=1 ( act=member_order&op=order_list ) 
ERR: Db Error: Unknown column 'order_type' in 'where clause'
SELECT COUNT(*) AS nc_count FROM `33hao_order` WHERE ( buyer_id = '2' ) AND ( order_type IN ('1','3') ) AND ( order_state = '10' ) AND ( chain_code = '0' ) AND ( delete_state = '0' ) LIMIT 1  
[2015-12-11 13:03:03] /mobile/index.php?act=member_order&op=order_list&page=10&curpage=1 ( act=member_order&op=order_list ) 
ERR: Db Error: Unknown column 'order_type' in 'where clause'
SELECT * FROM `33hao_order` WHERE ( buyer_id = '2' ) AND ( order_type IN ('1','3') ) AND ( order_state = '10' ) AND ( chain_code = '0' ) AND ( delete_state = '0' ) ORDER BY order_id desc LIMIT 0,10  
[2015-12-11 13:03:04] /mobile/index.php?act=member_order&op=order_list&page=10&curpage=1 ( act=member_order&op=order_list ) 
ERR: Db Error: Unknown column 'order_type' in 'where clause'
SELECT COUNT(*) AS nc_count FROM `33hao_order` WHERE ( buyer_id = '2' ) AND ( order_type IN ('1','3') ) AND ( delete_state = '0' ) LIMIT 1  
[2015-12-11 13:03:04] /mobile/index.php?act=member_order&op=order_list&page=10&curpage=1 ( act=member_order&op=order_list ) 
ERR: Db Error: Unknown column 'order_type' in 'where clause'
SELECT * FROM `33hao_order` WHERE ( buyer_id = '2' ) AND ( order_type IN ('1','3') ) AND ( delete_state = '0' ) ORDER BY order_id desc LIMIT 0,10  
[2015-12-11 13:03:05] /mobile/index.php?act=member_order&op=order_list&page=10&curpage=1 ( act=member_order&op=order_list ) 
ERR: Db Error: Unknown column 'order_type' in 'where clause'
SELECT COUNT(*) AS nc_count FROM `33hao_order` WHERE ( buyer_id = '2' ) AND ( order_type IN ('1','3') ) AND ( order_state = '30' ) AND ( delete_state = '0' ) LIMIT 1  
[2015-12-11 13:03:05] /mobile/index.php?act=member_order&op=order_list&page=10&curpage=1 ( act=member_order&op=order_list ) 
ERR: Db Error: Unknown column 'order_type' in 'where clause'
SELECT * FROM `33hao_order` WHERE ( buyer_id = '2' ) AND ( order_type IN ('1','3') ) AND ( order_state = '30' ) AND ( delete_state = '0' ) ORDER BY order_id desc LIMIT 0,10  
[2015-12-11 13:03:06] /mobile/index.php?act=member_order&op=order_list&page=10&curpage=1 ( act=member_order&op=order_list ) 
ERR: Db Error: Unknown column 'order_type' in 'where clause'
SELECT COUNT(*) AS nc_count FROM `33hao_order` WHERE ( buyer_id = '2' ) AND ( order_type IN ('1','3') ) AND ( order_state = '10' ) AND ( chain_code = '0' ) AND ( delete_state = '0' ) LIMIT 1  
[2015-12-11 13:03:06] /mobile/index.php?act=member_order&op=order_list&page=10&curpage=1 ( act=member_order&op=order_list ) 
ERR: Db Error: Unknown column 'order_type' in 'where clause'
SELECT * FROM `33hao_order` WHERE ( buyer_id = '2' ) AND ( order_type IN ('1','3') ) AND ( order_state = '10' ) AND ( chain_code = '0' ) AND ( delete_state = '0' ) ORDER BY order_id desc LIMIT 0,10  
[2015-12-11 13:03:07] /mobile/index.php?act=member_order&op=order_list&page=10&curpage=1 ( act=member_order&op=order_list ) 
ERR: Db Error: Unknown column 'order_type' in 'where clause'
SELECT COUNT(*) AS nc_count FROM `33hao_order` WHERE ( buyer_id = '2' ) AND ( order_type IN ('1','3') ) AND ( order_state = '30' ) AND ( delete_state = '0' ) LIMIT 1  
[2015-12-11 13:03:07] /mobile/index.php?act=member_order&op=order_list&page=10&curpage=1 ( act=member_order&op=order_list ) 
ERR: Db Error: Unknown column 'order_type' in 'where clause'
SELECT * FROM `33hao_order` WHERE ( buyer_id = '2' ) AND ( order_type IN ('1','3') ) AND ( order_state = '30' ) AND ( delete_state = '0' ) ORDER BY order_id desc LIMIT 0,10  
[2015-12-11 13:03:24] /mobile/index.php?act=member_order&op=order_list&page=10&curpage=1 ( act=member_order&op=order_list ) 
ERR: Db Error: Unknown column 'order_type' in 'where clause'
SELECT COUNT(*) AS nc_count FROM `33hao_order` WHERE ( buyer_id = '2' ) AND ( order_type IN ('1','3') ) AND ( order_state = '10' ) AND ( chain_code = '0' ) AND ( delete_state = '0' ) LIMIT 1  
[2015-12-11 13:03:24] /mobile/index.php?act=member_order&op=order_list&page=10&curpage=1 ( act=member_order&op=order_list ) 
ERR: Db Error: Unknown column 'order_type' in 'where clause'
SELECT * FROM `33hao_order` WHERE ( buyer_id = '2' ) AND ( order_type IN ('1','3') ) AND ( order_state = '10' ) AND ( chain_code = '0' ) AND ( delete_state = '0' ) ORDER BY order_id desc LIMIT 0,10  
[2015-12-11 13:03:25] /mobile/index.php?act=member_order&op=order_list&page=10&curpage=1 ( act=member_order&op=order_list ) 
ERR: Db Error: Unknown column 'order_type' in 'where clause'
SELECT COUNT(*) AS nc_count FROM `33hao_order` WHERE ( buyer_id = '2' ) AND ( order_type IN ('1','3') ) AND ( order_state = '30' ) AND ( delete_state = '0' ) LIMIT 1  
[2015-12-11 13:03:25] /mobile/index.php?act=member_order&op=order_list&page=10&curpage=1 ( act=member_order&op=order_list ) 
ERR: Db Error: Unknown column 'order_type' in 'where clause'
SELECT * FROM `33hao_order` WHERE ( buyer_id = '2' ) AND ( order_type IN ('1','3') ) AND ( order_state = '30' ) AND ( delete_state = '0' ) ORDER BY order_id desc LIMIT 0,10  
[2015-12-11 21:22:29] /mobile/index.php?act=member_cart&op=cart_list ( act=member_cart&op=cart_list ) 
ERR: Db Error: Unknown column 'voucher_t_gettype' in 'where clause'
SELECT * FROM `33hao_voucher_template` WHERE ( voucher_t_gettype = '3' ) AND ( voucher_t_state = '1' ) AND ( voucher_t_end_date > '1449840149' ) AND ( voucher_t_mgradelimit <= NULL ) AND ( voucher_t_store_id IN('') ) LIMIT 1000  
[2015-12-11 21:22:33] /mobile/index.php?act=member_cart&op=cart_list ( act=member_cart&op=cart_list ) 
ERR: Db Error: Unknown column 'voucher_t_gettype' in 'where clause'
SELECT * FROM `33hao_voucher_template` WHERE ( voucher_t_gettype = '3' ) AND ( voucher_t_state = '1' ) AND ( voucher_t_end_date > '1449840153' ) AND ( voucher_t_mgradelimit <= NULL ) AND ( voucher_t_store_id IN('') ) LIMIT 1000  
[2015-12-11 21:22:36] /mobile/index.php?act=member_cart&op=cart_list ( act=member_cart&op=cart_list ) 
ERR: Db Error: Unknown column 'voucher_t_gettype' in 'where clause'
SELECT * FROM `33hao_voucher_template` WHERE ( voucher_t_gettype = '3' ) AND ( voucher_t_state = '1' ) AND ( voucher_t_end_date > '1449840156' ) AND ( voucher_t_mgradelimit <= NULL ) AND ( voucher_t_store_id IN('') ) LIMIT 1000  
[2015-12-11 22:59:47] / ( act=index&op=index ) 
ERR: Db Error: Table 'v5.33hao_link' doesn't exist
SELECT * FROM `33hao_link` as `link`   order by link_id
[2015-12-11 23:00:29] /shop/index.php?act=goods&op=salelog&goods_id=100000&store_id=1&vr=0 ( act=goods&op=salelog ) 
ERR: Db Error: Table 'v5.33hao_order' doesn't exist
SELECT COUNT(*) AS nc_count FROM `33hao_order_goods` AS `order_goods` INNER JOIN `33hao_order` AS `order` ON order_goods.order_id=order.order_id WHERE ( order_goods.goods_id = '100000' ) AND ( order_state IN ('20','30','40') ) LIMIT 1  
[2015-12-11 23:00:29] /shop/index.php?act=goods&op=salelog&goods_id=100000&store_id=1&vr=0 ( act=goods&op=salelog ) 
ERR: Db Error: Table 'v5.33hao_order' doesn't exist
SELECT order_goods.*, order.buyer_name, order.add_time FROM `33hao_order_goods` AS `order_goods` INNER JOIN `33hao_order` AS `order` ON order_goods.order_id=order.order_id WHERE ( order_goods.goods_id = '100000' ) AND ( order_state IN ('20','30','40') ) ORDER BY rec_id desc LIMIT 0,10  
[2015-12-11 23:02:55] /shop/index.php?act=search&op=index ( act=search&op=index ) 
ERR: Db Error: Unknown column 'is_appoint' in 'field list'
SELECT CONCAT(goods_commonid) as nc_distinct ,goods_id,goods_commonid,goods_name,goods_jingle,gc_id,store_id,store_name,goods_price,goods_promotion_price,goods_promotion_type,goods_marketprice,goods_storage,goods_image,goods_freight,goods_salenum,color_id,evaluation_good_star,evaluation_count,is_virtual,is_fcode,is_appoint,is_presell,have_gift FROM `33hao_goods` WHERE ( goods_state = '1' ) AND ( goods_verify = '1' ) GROUP BY nc_distinct ORDER BY is_own_shop desc,goods_id desc LIMIT 0,36  
[2015-12-11 23:03:07] /shop/index.php?act=search&op=index ( act=search&op=index ) 
ERR: Db Error: Unknown column 'is_appoint' in 'field list'
SELECT CONCAT(goods_commonid) as nc_distinct ,goods_id,goods_commonid,goods_name,goods_jingle,gc_id,store_id,store_name,goods_price,goods_promotion_price,goods_promotion_type,goods_marketprice,goods_storage,goods_image,goods_freight,goods_salenum,color_id,evaluation_good_star,evaluation_count,is_virtual,is_fcode,is_appoint,is_presell,have_gift FROM `33hao_goods` WHERE ( goods_state = '1' ) AND ( goods_verify = '1' ) GROUP BY nc_distinct ORDER BY is_own_shop desc,goods_id desc LIMIT 0,36  
